TN:
SF:LinkedList.js
FN:6,(anonymous_0)
FN:9,(anonymous_1)
FN:18,(anonymous_2)
FN:30,(anonymous_3)
FN:48,(anonymous_4)
FN:55,(anonymous_5)
FNF:6
FNH:4
FNDA:10,(anonymous_0)
FNDA:0,(anonymous_1)
FNDA:14,(anonymous_2)
FNDA:4,(anonymous_3)
FNDA:0,(anonymous_4)
FNDA:2,(anonymous_5)
DA:3,2
DA:7,10
DA:10,0
DA:11,0
DA:12,0
DA:13,0
DA:15,0
DA:19,14
DA:20,14
DA:21,8
DA:22,8
DA:23,3
DA:25,8
DA:27,6
DA:31,4
DA:32,4
DA:33,4
DA:34,4
DA:35,1
DA:36,1
DA:38,4
DA:39,4
DA:40,0
DA:42,4
DA:43,4
DA:45,0
DA:49,0
DA:50,0
DA:51,0
DA:53,0
DA:56,2
DA:57,2
DA:58,2
DA:60,0
DA:67,2
LF:35
LH:23
BRDA:11,0,0,0
BRDA:11,0,1,0
BRDA:20,1,0,8
BRDA:20,1,1,6
BRDA:31,2,0,4
BRDA:31,2,1,0
BRDA:56,3,0,2
BRDA:56,3,1,0
BRF:8
BRH:4
end_of_record
TN:
SF:Node.js
FN:5,(anonymous_0)
FNF:1
FNH:1
FNDA:14,(anonymous_0)
DA:6,14
DA:7,14
DA:13,2
LF:3
LH:3
BRDA:5,0,0,14
BRF:1
BRH:1
end_of_record
TN:
SF:Queue.js
FN:7,(anonymous_0)
FN:11,(anonymous_1)
FN:15,(anonymous_2)
FN:18,(anonymous_3)
FN:25,(anonymous_4)
FNF:5
FNH:5
FNDA:5,(anonymous_0)
FNDA:9,(anonymous_1)
FNDA:2,(anonymous_2)
FNDA:1,(anonymous_3)
FNDA:1,(anonymous_4)
DA:3,1
DA:4,1
DA:8,5
DA:9,5
DA:12,9
DA:13,9
DA:16,2
DA:19,1
DA:20,1
DA:22,0
DA:26,1
DA:27,0
DA:29,1
DA:36,1
LF:14
LH:12
BRDA:19,0,0,1
BRDA:19,0,1,0
BRDA:26,1,0,0
BRDA:26,1,1,1
BRF:4
BRH:2
end_of_record
TN:
SF:Stack.js
FN:7,(anonymous_0)
FN:11,(anonymous_1)
FN:14,(anonymous_2)
FN:21,(anonymous_3)
FN:29,(anonymous_4)
FNF:5
FNH:5
FNDA:5,(anonymous_0)
FNDA:5,(anonymous_1)
FNDA:2,(anonymous_2)
FNDA:1,(anonymous_3)
FNDA:1,(anonymous_4)
DA:3,1
DA:4,1
DA:8,5
DA:9,5
DA:12,5
DA:15,2
DA:16,2
DA:18,0
DA:22,1
DA:23,1
DA:26,0
DA:30,1
DA:31,0
DA:33,1
DA:40,1
LF:15
LH:12
BRDA:15,0,0,2
BRDA:15,0,1,0
BRDA:22,1,0,1
BRDA:22,1,1,0
BRDA:30,2,0,0
BRDA:30,2,1,1
BRF:6
BRH:3
end_of_record
